2023-07-14 04:04:28 Loading main app package /tmp/.mount_ObsidiHW9DZN/resources/obsidian.asar
2023-07-14 04:04:29 Checking for update using Github
2023-07-14 04:04:30 Success.
2023-07-14 04:04:30 Latest version is 1.3.5
2023-07-14 04:04:30 App is up to date.
2023-07-14 05:02:20 Loading main app package /tmp/.mount_ObsidiCv1zoj/resources/obsidian.asar
2023-07-14 05:02:23 Checking for update using Github
2023-07-14 05:02:24 Success.
2023-07-14 05:02:24 Latest version is 1.3.5
2023-07-14 05:02:24 App is up to date.
2023-07-17 05:08:58 Loading main app package /tmp/.mount_ObsidiXLDbDH/resources/obsidian.asar
2023-07-17 05:09:00 Checking for update using Github
2023-07-17 05:09:00 Failed to check for update using Github (net::ERR_INTERNET_DISCONNECTED)
2023-07-17 05:09:00 Checking for update using obsidian.md
2023-07-17 05:09:00 Failed to check for update using obsidian.md (net::ERR_INTERNET_DISCONNECTED)
2023-07-17 06:08:58 Checking for update using Github
2023-07-17 06:08:58 Failed to check for update using Github (net::ERR_INTERNET_DISCONNECTED)
2023-07-17 06:08:58 Checking for update using obsidian.md
2023-07-17 06:08:58 Failed to check for update using obsidian.md (net::ERR_INTERNET_DISCONNECTED)
2023-07-17 07:08:58 Checking for update using Github
2023-07-17 07:08:58 Failed to check for update using Github (net::ERR_INTERNET_DISCONNECTED)
2023-07-17 07:08:58 Checking for update using obsidian.md
2023-07-17 07:08:58 Failed to check for update using obsidian.md (net::ERR_INTERNET_DISCONNECTED)
2023-07-17 08:08:58 Checking for update using Github
2023-07-17 08:08:58 Failed to check for update using Github (net::ERR_INTERNET_DISCONNECTED)
2023-07-17 08:08:58 Checking for update using obsidian.md
2023-07-17 08:08:58 Failed to check for update using obsidian.md (net::ERR_INTERNET_DISCONNECTED)
2023-07-17 15:42:08 Loading main app package /tmp/.mount_ObsididUMFiu/resources/obsidian.asar
2023-07-17 15:42:10 Checking for update using Github
2023-07-17 15:44:20 Failed to check for update using Github (net::ERR_CONNECTION_TIMED_OUT)
2023-07-17 15:44:20 Checking for update using obsidian.md
2023-07-17 15:44:21 Success.
2023-07-17 15:44:21 Latest version is 1.3.5
2023-07-17 15:44:21 App is up to date.
2023-07-17 16:42:08 Checking for update using Github
2023-07-17 16:42:08 Failed to check for update using Github (net::ERR_INTERNET_DISCONNECTED)
2023-07-17 16:42:08 Checking for update using obsidian.md
2023-07-17 16:42:08 Success.
2023-07-17 16:42:08 Latest version is 1.3.5
2023-07-17 16:42:08 App is up to date.
2023-07-17 17:42:08 Checking for update using Github
2023-07-17 17:42:08 Failed to check for update using Github (net::ERR_INTERNET_DISCONNECTED)
2023-07-17 17:42:08 Checking for update using obsidian.md
2023-07-17 17:42:08 Failed to check for update using obsidian.md (net::ERR_INTERNET_DISCONNECTED)
2023-07-17 18:42:08 Checking for update using Github
2023-07-17 18:44:18 Failed to check for update using Github (net::ERR_CONNECTION_TIMED_OUT)
2023-07-17 18:44:18 Checking for update using obsidian.md
2023-07-17 18:44:21 Success.
2023-07-17 18:44:21 Latest version is 1.3.5
2023-07-17 18:44:21 App is up to date.
2023-07-23 17:55:16 Loading main app package /tmp/.mount_ObsidiAcAhLf/resources/obsidian.asar
2023-07-23 17:55:18 Checking for update using Github
2023-07-23 17:55:18 Success.
2023-07-23 17:55:18 Latest version is 1.3.5
2023-07-23 17:55:18 App is up to date.
2023-07-23 18:55:15 Checking for update using Github
2023-07-23 18:55:16 Success.
2023-07-23 18:55:16 Latest version is 1.3.5
2023-07-23 18:55:16 App is up to date.
2023-07-28 06:22:56 Loading main app package /tmp/.mount_Obsidi01OgQy/resources/obsidian.asar
2023-07-28 06:22:58 Checking for update using Github
2023-07-28 06:25:08 Failed to check for update using Github (net::ERR_CONNECTION_TIMED_OUT)
2023-07-28 06:25:08 Checking for update using obsidian.md
2023-07-28 06:25:15 Success.
2023-07-28 06:25:15 Latest version is 1.3.5
2023-07-28 06:25:15 App is up to date.
2023-07-28 07:22:56 Checking for update using Github
2023-07-28 07:22:56 Failed to check for update using Github (net::ERR_INTERNET_DISCONNECTED)
2023-07-28 07:22:56 Checking for update using obsidian.md
2023-07-28 07:22:56 Success.
2023-07-28 07:22:56 Latest version is 1.3.5
2023-07-28 07:22:56 App is up to date.
2023-07-30 12:47:54 Loading main app package /tmp/.mount_ObsidizrpKc4/resources/obsidian.asar
2023-07-30 12:47:57 Checking for update using Github
2023-07-30 12:47:57 Success.
2023-07-30 12:47:57 Latest version is 1.3.5
2023-07-30 12:47:57 App is up to date.
2023-07-30 13:47:54 Checking for update using Github
2023-07-30 13:47:55 Success.
2023-07-30 13:47:55 Latest version is 1.3.5
2023-07-30 13:47:55 App is up to date.
2023-07-30 16:27:08 Checking for update using Github
2023-07-30 16:27:09 Success.
2023-07-30 16:27:09 Latest version is 1.3.5
2023-07-30 16:27:09 App is up to date.
2023-07-30 17:27:08 Checking for update using Github
2023-07-30 17:27:09 Success.
2023-07-30 17:27:09 Latest version is 1.3.5
2023-07-30 17:27:09 App is up to date.
2023-08-05 09:00:42 Loading main app package /tmp/.mount_obsidiQO4Kep/resources/obsidian.asar
2023-08-05 09:00:43 Checking for update using Github
2023-08-05 09:00:43 Success.
2023-08-05 09:00:43 Latest version is 1.3.7
2023-08-05 09:00:43 App is up to date.
2023-08-06 08:15:16 Loading main app package /tmp/.mount_obsidiKqYQpQ/resources/obsidian.asar
2023-08-06 08:15:16 Checking for update using Github
2023-08-06 08:15:17 Success.
2023-08-06 08:15:17 Latest version is 1.3.7
2023-08-06 08:15:17 App is up to date.
2023-08-06 09:15:16 Checking for update using Github
2023-08-06 09:15:16 Success.
2023-08-06 09:15:16 Latest version is 1.3.7
2023-08-06 09:15:16 App is up to date.
2023-08-06 10:55:01 Checking for update using Github
2023-08-06 10:55:01 Success.
2023-08-06 10:55:01 Latest version is 1.3.7
2023-08-06 10:55:01 App is up to date.
2023-08-06 13:01:28 Checking for update using Github
2023-08-06 13:01:28 Success.
2023-08-06 13:01:28 Latest version is 1.3.7
2023-08-06 13:01:28 App is up to date.
2023-08-06 14:01:28 Checking for update using Github
2023-08-06 14:01:28 Success.
2023-08-06 14:01:28 Latest version is 1.3.7
2023-08-06 14:01:28 App is up to date.
2023-08-06 15:01:28 Checking for update using Github
2023-08-06 15:01:28 Success.
2023-08-06 15:01:28 Latest version is 1.3.7
2023-08-06 15:01:28 App is up to date.
2023-08-17 09:49:10 Loading main app package /tmp/.mount_obsidiutdkGV/resources/obsidian.asar
2023-08-17 09:49:10 Checking for update using Github
2023-08-17 09:49:10 Failed to check for update using Github (net::ERR_INTERNET_DISCONNECTED)
2023-08-17 09:49:10 Checking for update using obsidian.md
2023-08-17 09:49:10 Failed to check for update using obsidian.md (net::ERR_INTERNET_DISCONNECTED)
2023-08-17 10:10:46 Loading main app package /tmp/.mount_obsidiEwYyMq/resources/obsidian.asar
2023-08-17 10:10:47 Checking for update using Github
2023-08-17 10:10:47 Failed to check for update using Github (net::ERR_INTERNET_DISCONNECTED)
2023-08-17 10:10:47 Checking for update using obsidian.md
2023-08-17 10:10:47 Failed to check for update using obsidian.md (net::ERR_INTERNET_DISCONNECTED)
2023-08-17 11:10:46 Checking for update using Github
2023-08-17 11:10:46 Success.
2023-08-17 11:10:46 Latest version is 1.3.7
2023-08-17 11:10:46 App is up to date.
2023-08-17 18:50:23 Loading main app package /tmp/.mount_obsidiQp3ZgQ/resources/obsidian.asar
2023-08-17 18:50:23 Checking for update using Github
2023-08-17 18:50:24 Success.
2023-08-17 18:50:24 Latest version is 1.3.7
2023-08-17 18:50:24 App is up to date.
2023-09-03 16:09:13 Loading main app package /tmp/.mount_obsidiEbRZOt/resources/obsidian.asar
2023-09-03 16:09:13 Checking for update using Github
2023-09-03 16:09:14 Success.
2023-09-03 16:09:14 Latest version is 1.4.5
2023-09-03 16:09:14 Downloading update from https://github.com/obsidianmd/obsidian-releases/releases/download/v1.4.5/obsidian-1.4.5.asar.gz
2023-09-03 16:09:20 Verifying hash & signature. Size= 8267902
2023-09-03 16:09:20 Saving file
2023-09-03 16:09:20 Update complete.
2023-09-03 17:09:13 Checking for update using Github
2023-09-03 17:09:13 Success.
2023-09-03 17:09:13 Latest version is 1.4.5
2023-09-03 17:09:13 An update is already downloaded.
2023-09-03 18:20:05 Checking for update using Github
2023-09-03 18:20:36 Failed to check for update using Github (net::ERR_TIMED_OUT)
2023-09-03 18:20:36 Checking for update using obsidian.md
2023-09-03 18:21:06 Failed to check for update using obsidian.md (net::ERR_TIMED_OUT)
2023-11-16 18:33:46 Loading updated app package /home/aabid/.config/obsidian/obsidian-1.4.5.asar
2023-11-16 18:33:47 Checking for update using Github
2023-11-16 18:34:17 Failed to check for update using Github (net::ERR_TIMED_OUT)
2023-11-16 18:34:17 Checking for update using obsidian.md
2023-11-16 18:34:47 Failed to check for update using obsidian.md (net::ERR_TIMED_OUT)
2023-11-16 19:33:46 Checking for update using Github
2023-11-16 19:33:46 Success.
2023-11-16 19:33:46 Latest version is 1.4.16
2023-11-16 19:33:46 Downloading update from https://github.com/obsidianmd/obsidian-releases/releases/download/v1.4.16/obsidian-1.4.16.asar.gz
2023-11-16 19:33:59 Verifying hash & signature. Size= 8394471
2023-11-16 19:33:59 Saving file
2023-11-16 19:33:59 Update complete.
2023-11-16 20:33:46 Checking for update using Github
2023-11-16 20:33:46 Success.
2023-11-16 20:33:46 Latest version is 1.4.16
2023-11-16 20:33:46 An update is already downloaded.
